GET /api/docs/ 200 3106 - 1.119 ms
GET /api/docs/swagger-ui.css 304 - - 0.786 ms
GET /api/docs/swagger-ui-init.js 304 - - 0.315 ms
GET /api/docs/swagger-ui-bundle.js 304 - - 1.509 ms
GET /api/docs/swagger-ui-standalone-preset.js 304 - - 1.346 ms
GET /api/docs/ 304 - - 9.912 ms
GET /api/docs/swagger-ui.css 304 - - 2.761 ms
GET /api/docs/swagger-ui-init.js 200 1852 - 0.997 ms
GET /api/docs/swagger-ui-bundle.js 304 - - 1.644 ms
GET /api/docs/swagger-ui-standalone-preset.js 304 - - 1.530 ms
GET /api/docs/ 304 - - 3.444 ms
GET /api/docs/swagger-ui-init.js 304 - - 1.577 ms
GET /api/docs/swagger-ui-bundle.js 304 - - 8.834 ms
GET /api/docs/swagger-ui-standalone-preset.js 304 - - 8.643 ms
GET /api/docs/swagger-ui.css 304 - - 12.578 ms
GET /api/docs/ 304 - - 10.477 ms
GET /api/docs/swagger-ui.css 304 - - 3.198 ms
GET /api/docs/swagger-ui-bundle.js 304 - - 1.476 ms
GET /api/docs/swagger-ui-init.js 304 - - 0.472 ms
GET /api/docs/swagger-ui-standalone-preset.js 304 - - 2.636 ms
GET /api/docs/ 304 - - 2.187 ms
GET /api/docs/swagger-ui.css 304 - - 1.767 ms
GET /api/docs/swagger-ui-init.js 304 - - 0.673 ms
GET /api/docs/swagger-ui-bundle.js 304 - - 4.742 ms
GET /api/docs/swagger-ui-standalone-preset.js 304 - - 5.122 ms
GET /api/docs/ 304 - - 11.258 ms
GET /api/docs/swagger-ui.css 304 - - 3.204 ms
GET /api/docs/swagger-ui-standalone-preset.js 304 - - 2.281 ms
GET /api/docs/swagger-ui-init.js 304 - - 0.690 ms
GET /api/docs/swagger-ui-bundle.js 304 - - 3.001 ms
GET /api/docs/ 304 - - 1.400 ms
GET /api/docs/swagger-ui.css 304 - - 1.733 ms
GET /api/docs/swagger-ui-init.js 304 - - 0.555 ms
GET /api/docs/swagger-ui-bundle.js 304 - - 4.843 ms
GET /api/docs/swagger-ui-standalone-preset.js 304 - - 4.147 ms
GET /api/docs/ 304 - - 1.289 ms
GET /api/docs/swagger-ui.css 304 - - 1.495 ms
GET /api/docs/swagger-ui-init.js 304 - - 0.699 ms
GET /api/docs/swagger-ui-bundle.js 304 - - 2.325 ms
GET /api/docs/swagger-ui-standalone-preset.js 304 - - 2.568 ms
GET /api/docs/ 304 - - 0.911 ms
GET /api/docs/swagger-ui.css 304 - - 0.940 ms
GET /api/docs/swagger-ui-init.js 304 - - 0.572 ms
GET /api/docs/swagger-ui-bundle.js 304 - - 2.413 ms
GET /api/docs/swagger-ui-standalone-preset.js 304 - - 2.332 ms
GET /api/docs/ 304 - - 1.029 ms
GET /api/docs/swagger-ui.css 304 - - 1.598 ms
GET /api/docs/swagger-ui-init.js 304 - - 0.349 ms
GET /api/docs/swagger-ui-bundle.js 304 - - 2.241 ms
GET /api/docs/swagger-ui-standalone-preset.js 304 - - 1.828 ms
GET /api/docs/ 304 - - 0.941 ms
GET /api/docs/swagger-ui.css 304 - - 0.820 ms
GET /api/docs/swagger-ui-bundle.js 304 - - 1.136 ms
GET /api/docs/swagger-ui-init.js 304 - - 0.462 ms
GET /api/docs/swagger-ui-standalone-preset.js 304 - - 2.010 ms
GET /api/docs/ 304 - - 0.891 ms
GET /api/docs/swagger-ui.css 304 - - 1.125 ms
GET /api/docs/swagger-ui-init.js 304 - - 0.212 ms
GET /api/docs/swagger-ui-bundle.js 304 - - 2.038 ms
GET /api/docs/swagger-ui-standalone-preset.js 304 - - 1.450 ms
GET /api/docs/ 304 - - 1.093 ms
GET /api/docs/swagger-ui.css 304 - - 2.860 ms
GET /api/docs/swagger-ui-bundle.js 304 - - 0.904 ms
GET /api/docs/swagger-ui-init.js 304 - - 0.371 ms
GET /api/docs/swagger-ui-standalone-preset.js 304 - - 2.119 ms
GET /api/docs/ 304 - - 0.704 ms
GET /api/docs/swagger-ui.css 304 - - 1.509 ms
GET /api/docs/swagger-ui-init.js 304 - - 0.188 ms
GET /api/docs/swagger-ui-bundle.js 304 - - 1.361 ms
GET /api/docs/swagger-ui-standalone-preset.js 304 - - 0.994 ms
GET /api/docs/ 304 - - 7.558 ms
GET /api/docs/swagger-ui.css 304 - - 1.706 ms
GET /api/docs/swagger-ui-init.js 304 - - 0.251 ms
GET /api/docs/swagger-ui-bundle.js 304 - - 1.884 ms
GET /api/docs/swagger-ui-standalone-preset.js 304 - - 1.709 ms
GET /api/docs/ 304 - - 0.817 ms
GET /api/docs/swagger-ui-init.js 304 - - 0.293 ms
GET /api/docs/swagger-ui.css 304 - - 3.162 ms
GET /api/docs/swagger-ui-bundle.js 304 - - 2.882 ms
GET /api/docs/swagger-ui-standalone-preset.js 304 - - 2.885 ms
GET /api/docs/ 304 - - 0.891 ms
GET /api/docs/swagger-ui.css 304 - - 1.282 ms
GET /api/docs/swagger-ui-init.js 304 - - 0.639 ms
GET /api/docs/swagger-ui-bundle.js 304 - - 2.594 ms
GET /api/docs/swagger-ui-standalone-preset.js 304 - - 2.121 ms
GET /api/docs/ 304 - - 0.789 ms
GET /api/docs/swagger-ui.css 304 - - 0.781 ms
GET /api/docs/swagger-ui-init.js 304 - - 0.312 ms
GET /api/docs/swagger-ui-bundle.js 304 - - 1.628 ms
GET /api/docs/swagger-ui-standalone-preset.js 304 - - 1.492 ms
GET /api/docs/ 304 - - 0.997 ms
GET /api/docs/swagger-ui.css 304 - - 0.519 ms
GET /api/docs/swagger-ui-init.js 304 - - 0.203 ms
GET /api/docs/swagger-ui-bundle.js 304 - - 0.991 ms
GET /api/docs/swagger-ui-standalone-preset.js 304 - - 0.972 ms
GET /api/docs/ 304 - - 0.631 ms
GET /api/docs/swagger-ui.css 304 - - 0.572 ms
GET /api/docs/swagger-ui-init.js 304 - - 0.303 ms
GET /api/docs/swagger-ui-bundle.js 304 - - 1.291 ms
GET /api/docs/swagger-ui-standalone-preset.js 304 - - 1.266 ms
GET /api/docs/ 304 - - 0.534 ms
GET /api/docs/swagger-ui.css 304 - - 1.101 ms
GET /api/docs/swagger-ui-bundle.js 304 - - 0.850 ms
GET /api/docs/swagger-ui-init.js 304 - - 0.156 ms
GET /api/docs/swagger-ui-standalone-preset.js 304 - - 1.641 ms
GET /api/docs/ 304 - - 0.620 ms
GET /api/docs/swagger-ui.css 304 - - 0.560 ms
GET /api/docs/swagger-ui-init.js 304 - - 0.149 ms
GET /api/docs/swagger-ui-bundle.js 304 - - 0.854 ms
GET /api/docs/swagger-ui-standalone-preset.js 304 - - 0.772 ms
GET /api/docs/ 304 - - 0.760 ms
GET /api/docs/swagger-ui-init.js 304 - - 0.150 ms
GET /api/docs/swagger-ui.css 304 - - 1.253 ms
GET /api/docs/swagger-ui-bundle.js 304 - - 1.042 ms
GET /api/docs/swagger-ui-standalone-preset.js 304 - - 0.980 ms
GET /api/docs/ 304 - - 0.656 ms
GET /api/docs/swagger-ui-init.js 304 - - 0.216 ms
GET /api/docs/swagger-ui.css 304 - - 2.174 ms
GET /api/docs/swagger-ui-bundle.js 304 - - 1.266 ms
GET /api/docs/swagger-ui-standalone-preset.js 304 - - 1.131 ms
GET /api/docs/ 304 - - 0.547 ms
GET /api/docs/swagger-ui.css 304 - - 0.529 ms
GET /api/docs/swagger-ui-init.js 304 - - 0.257 ms
GET /api/docs/swagger-ui-bundle.js 304 - - 1.405 ms
GET /api/docs/swagger-ui-standalone-preset.js 304 - - 1.234 ms
GET /api/docs/ 304 - - 0.671 ms
GET /api/docs/swagger-ui.css 304 - - 0.648 ms
GET /api/docs/swagger-ui-init.js 304 - - 0.238 ms
GET /api/docs/swagger-ui-bundle.js 304 - - 1.571 ms
GET /api/docs/swagger-ui-standalone-preset.js 304 - - 1.280 ms
GET /api/docs/ 304 - - 0.766 ms
GET /api/docs/swagger-ui.css 304 - - 0.540 ms
GET /api/docs/swagger-ui-init.js 304 - - 0.185 ms
GET /api/docs/swagger-ui-bundle.js 304 - - 1.155 ms
GET /api/docs/swagger-ui-standalone-preset.js 304 - - 1.066 ms
GET /api/docs/ 304 - - 0.616 ms
GET /api/docs/swagger-ui.css 304 - - 0.728 ms
GET /api/docs/swagger-ui-init.js 304 - - 0.251 ms
GET /api/docs/swagger-ui-bundle.js 304 - - 1.249 ms
GET /api/docs/swagger-ui-standalone-preset.js 304 - - 1.117 ms
GET /api/docs/ 304 - - 0.721 ms
GET /api/docs/swagger-ui.css 304 - - 0.629 ms
GET /api/docs/swagger-ui-init.js 304 - - 0.234 ms
GET /api/docs/swagger-ui-bundle.js 304 - - 1.464 ms
GET /api/docs/swagger-ui-standalone-preset.js 304 - - 1.215 ms
GET /api/docs/ 304 - - 0.717 ms
GET /api/docs/swagger-ui.css 304 - - 0.810 ms
GET /api/docs/swagger-ui-bundle.js 304 - - 0.687 ms
GET /api/docs/swagger-ui-standalone-preset.js 304 - - 0.646 ms
GET /api/docs/swagger-ui-init.js 304 - - 0.277 ms
GET /api/docs/ 304 - - 0.674 ms
GET /api/docs/swagger-ui.css 304 - - 0.966 ms
GET /api/docs/swagger-ui-init.js 304 - - 0.192 ms
GET /api/docs/swagger-ui-bundle.js 304 - - 1.722 ms
GET /api/docs/swagger-ui-standalone-preset.js 304 - - 1.132 ms
GET /api/docs/ 304 - - 5.244 ms
GET /api/docs/swagger-ui.css 304 - - 1.968 ms
GET /api/docs/swagger-ui-standalone-preset.js 304 - - 1.012 ms
GET /api/docs/swagger-ui-init.js 304 - - 0.444 ms
GET /api/docs/swagger-ui-bundle.js 304 - - 1.679 ms
GET /api/docs/ 304 - - 0.864 ms
GET /api/docs/swagger-ui-init.js 304 - - 0.314 ms
GET /api/docs/swagger-ui.css 304 - - 3.693 ms
GET /api/docs/swagger-ui-bundle.js 304 - - 3.168 ms
GET /api/docs/swagger-ui-standalone-preset.js 304 - - 2.769 ms
GET /api/docs/ 304 - - 0.823 ms
GET /api/docs/swagger-ui-init.js 304 - - 0.304 ms
GET /api/docs/swagger-ui.css 304 - - 1.581 ms
GET /api/docs/swagger-ui-bundle.js 304 - - 1.295 ms
GET /api/docs/swagger-ui-standalone-preset.js 304 - - 1.363 ms
GET /api/docs/ 304 - - 0.690 ms
GET /api/docs/swagger-ui.css 304 - - 1.521 ms
GET /api/docs/swagger-ui-bundle.js 304 - - 1.363 ms
GET /api/docs/swagger-ui-init.js 304 - - 0.460 ms
GET /api/docs/swagger-ui-standalone-preset.js 304 - - 2.374 ms
GET /api/docs/ 304 - - 0.665 ms
GET /api/docs/swagger-ui-init.js 304 - - 0.343 ms
GET /api/docs/swagger-ui.css 304 - - 2.517 ms
GET /api/docs/swagger-ui-bundle.js 304 - - 1.947 ms
GET /api/docs/swagger-ui-standalone-preset.js 304 - - 1.620 ms
GET /api/docs/ 200 3106 - 1.099 ms
GET /api/docs/swagger-ui-init.js 200 1852 - 0.350 ms
GET /api/docs/swagger-ui.css 200 154986 - 25.959 ms
GET /api/docs/swagger-ui-standalone-preset.js 200 229223 - 71.897 ms
GET /api/docs/swagger-ui-bundle.js 200 1484234 - 83.998 ms
GET /api/docs/ 304 - - 6.361 ms
GET /api/docs/swagger-ui.css 304 - - 1.511 ms
GET /api/docs/swagger-ui-init.js 304 - - 0.268 ms
GET /api/docs/swagger-ui-bundle.js 304 - - 1.417 ms
GET /api/docs/swagger-ui-standalone-preset.js 304 - - 1.196 ms
GET /api/docs/ 304 - - 1.051 ms
GET /api/docs/swagger-ui-init.js 304 - - 0.262 ms
GET /api/docs/swagger-ui.css 304 - - 2.907 ms
GET /api/docs/swagger-ui-bundle.js 304 - - 2.902 ms
GET /api/docs/swagger-ui-standalone-preset.js 304 - - 3.002 ms
GET /api/docs/ 304 - - 1.053 ms
GET /api/docs/swagger-ui.css 304 - - 1.207 ms
GET /api/docs/swagger-ui-init.js 304 - - 0.390 ms
GET /api/docs/swagger-ui-bundle.js 304 - - 1.534 ms
GET /api/docs/swagger-ui-standalone-preset.js 304 - - 1.432 ms
GET /api/docs/ 304 - - 0.598 ms
GET /api/docs/swagger-ui.css 304 - - 0.916 ms
GET /api/docs/swagger-ui-bundle.js 304 - - 0.759 ms
GET /api/docs/swagger-ui-init.js 304 - - 0.233 ms
GET /api/docs/swagger-ui-standalone-preset.js 304 - - 1.274 ms
GET /api/docs/ 304 - - 5.286 ms
GET /api/docs/swagger-ui.css 304 - - 1.740 ms
GET /api/docs/swagger-ui-init.js 200 6042 - 0.407 ms
GET /api/docs/swagger-ui-bundle.js 304 - - 2.407 ms
GET /api/docs/swagger-ui-standalone-preset.js 304 - - 2.138 ms
GET /api/docs/ 304 - - 5.967 ms
GET /api/docs/swagger-ui.css 304 - - 1.427 ms
GET /api/docs/swagger-ui-standalone-preset.js 304 - - 1.169 ms
GET /api/docs/swagger-ui-init.js 200 6089 - 0.566 ms
GET /api/docs/swagger-ui-bundle.js 304 - - 2.264 ms
GET /api/docs/ 304 - - 0.940 ms
GET /api/docs/swagger-ui.css 304 - - 0.772 ms
GET /api/docs/swagger-ui-init.js 304 - - 0.282 ms
GET /api/docs/swagger-ui-bundle.js 304 - - 2.013 ms
GET /api/docs/swagger-ui-standalone-preset.js 304 - - 2.031 ms
GET /api/docs/ 304 - - 5.805 ms
GET /api/docs/swagger-ui.css 304 - - 3.066 ms
GET /api/docs/swagger-ui-standalone-preset.js 304 - - 2.339 ms
GET /api/docs/swagger-ui-bundle.js 304 - - 2.372 ms
GET /api/docs/swagger-ui-init.js 304 - - 0.423 ms
GET /api/docs/ 304 - - 5.429 ms
GET /api/docs/swagger-ui.css 304 - - 1.890 ms
GET /api/docs/swagger-ui-standalone-preset.js 304 - - 1.227 ms
GET /api/docs/swagger-ui-init.js 304 - - 0.345 ms
GET /api/docs/swagger-ui-bundle.js 304 - - 2.323 ms
GET /api/docs/ 304 - - 1.285 ms
GET /api/docs/swagger-ui.css 304 - - 0.972 ms
GET /api/docs/swagger-ui-init.js 304 - - 0.345 ms
GET /api/docs/swagger-ui-bundle.js 304 - - 2.333 ms
GET /api/docs/swagger-ui-standalone-preset.js 304 - - 2.369 ms
GET /api/docs/ 304 - - 7.850 ms
GET /api/docs/swagger-ui.css 304 - - 4.368 ms
GET /api/docs/swagger-ui-init.js 200 6090 - 0.720 ms
GET /api/docs/swagger-ui-bundle.js 304 - - 8.314 ms
GET /api/docs/swagger-ui-standalone-preset.js 304 - - 4.495 ms
GET /api/docs/ 304 - - 5.382 ms
GET /api/docs/swagger-ui.css 304 - - 1.500 ms
GET /api/docs/swagger-ui-standalone-preset.js 304 - - 1.290 ms
GET /api/docs/swagger-ui-init.js 200 6089 - 0.521 ms
GET /api/docs/swagger-ui-bundle.js 304 - - 2.472 ms
GET /api/docs/%23/default/post_api_auth_register 200 3106 - 200.028 ms
GET /api/docs/%23/default/post_api_auth_register 200 3106 - 1.255 ms
GET /api/docs/%23/default/post_api_auth_register 200 3106 - 0.987 ms
GET /api/docs/%23/default/post_api_auth_register 200 3106 - 0.897 ms
GET /api/docs/%23/default/post_api_auth_register 200 3106 - 0.880 ms
GET /api/docs/%23/default/post_api_auth_register 200 3106 - 1.002 ms
GET /api/docs/%23/default/post_api_auth_register 200 3106 - 0.780 ms
GET /api/docs/%23/default/post_api_auth_register 200 3106 - 1.275 ms
GET /api/docs/%23/default/post_api_auth_register 200 3106 - 1.474 ms
GET /api/docs/%23/default/post_api_auth_register 200 3106 - 0.762 ms
GET /api/docs/%23/default/post_api_auth_register 200 3106 - 0.673 ms
GET /api/docs/%23/default/post_api_auth_register 200 3106 - 0.526 ms
GET /api/docs/%23/default/post_api_auth_register 200 3106 - 0.527 ms
GET /api/docs/%23/default/post_api_auth_register 200 3106 - 0.651 ms
GET /api/docs/%23/default/post_api_auth_register 200 3106 - 0.602 ms
GET /api/docs/%23/default/post_api_auth_register 200 3106 - 0.593 ms
GET /api/docs/%23/default/post_api_auth_register 200 3106 - 0.801 ms
GET /api/docs/%23/default/post_api_auth_register 200 3106 - 0.992 ms
GET /api/docs/%23/default/post_api_auth_register 200 3106 - 0.793 ms
GET /api/docs/%23/default/post_api_auth_register 200 3106 - 0.837 ms
GET /api/docs/%23/default/post_api_auth_register 200 3106 - 0.737 ms
GET /api/docs/%23/default/post_api_auth_register 200 3106 - 0.946 ms
GET /api/docs/%23/default/post_api_auth_register 200 3106 - 0.519 ms
GET /api/docs/%23/default/post_api_auth_register 200 3106 - 0.600 ms
GET /api/docs/%23/default/post_api_auth_register 200 3106 - 0.618 ms
GET /api/docs/%23/default/post_api_auth_register 200 3106 - 0.559 ms
GET /api/docs/%23/default/post_api_auth_register 200 3106 - 0.542 ms
GET /api/docs/%23/default/post_api_auth_register 200 3106 - 0.711 ms
GET /api/docs/%23/default/post_api_auth_register 200 3106 - 0.796 ms
GET /api/docs/%23/default/post_api_auth_register 200 3106 - 0.872 ms
GET /api/docs/%23/default/post_api_auth_register 200 3106 - 0.752 ms
GET /api/docs/%23/default/post_api_auth_register 200 3106 - 2.371 ms
GET /api/docs/%23/default/post_api_auth_register 200 3106 - 0.914 ms
GET /api/docs/%23/default/post_api_auth_register 200 3106 - 0.749 ms
GET /api/docs/%23/default/post_api_auth_register 200 3106 - 1.105 ms
GET /api/docs/%23/default/post_api_auth_register 200 3106 - 0.753 ms
GET /api/docs/%23/default/post_api_auth_register 200 3106 - 1.315 ms
GET /api/docs/%23/default/post_api_auth_register 200 3106 - 0.618 ms
GET /api/docs/%23/default/post_api_auth_register 200 3106 - 0.934 ms
GET /api/docs/%23/default/post_api_auth_register 200 3106 - 1.113 ms
GET /api/docs/%23/default/post_api_auth_register 200 3106 - 0.675 ms
GET /api/docs/%23/default/post_api_auth_register 200 3106 - 0.772 ms
GET /api/docs/%23/default/post_api_auth_register 200 3106 - 0.805 ms
GET /api/docs/%23/default/post_api_auth_register 200 3106 - 0.809 ms
GET /api/docs/%23/default/post_api_auth_register 200 3106 - 0.586 ms
GET /api/docs/%23/default/post_api_auth_register 200 3106 - 0.523 ms
GET /api/docs/%23/default/post_api_auth_register 200 3106 - 1.105 ms
GET /api/docs/%23/default/post_api_auth_register 200 3106 - 0.539 ms
GET /api/docs/%23/default/post_api_auth_register 200 3106 - 0.727 ms
GET /api/docs/%23/default/post_api_auth_register 200 3106 - 1.058 ms
GET /api/docs/%23/default/post_api_auth_register 200 3106 - 0.845 ms
GET /api/docs/%23/default/post_api_auth_register 200 3106 - 0.870 ms
GET /api/docs/%23/default/post_api_auth_register 200 3106 - 0.923 ms
GET /api/docs/%23/default/post_api_auth_register 200 3106 - 0.715 ms
GET /api/docs/%23/default/post_api_auth_register 200 3106 - 0.888 ms
GET /api/docs/%23/default/post_api_auth_register 200 3106 - 0.595 ms
GET /api/docs/%23/default/post_api_auth_register 200 3106 - 0.615 ms
GET /api/docs/%23/default/post_api_auth_register 200 3106 - 0.504 ms
GET /api/docs/%23/default/post_api_auth_register 200 3106 - 0.468 ms
GET /api/docs/%23/default/post_api_auth_register 200 3106 - 0.528 ms
GET /api/docs/%23/default/post_api_auth_register 429 42 - 0.407 ms
GET /api/docs/%23/default/post_api_auth_register 429 42 - 0.259 ms
GET /api/docs/%23/default/post_api_auth_register 429 42 - 0.280 ms
GET /api/docs/%23/default/post_api_auth_register 429 42 - 0.354 ms
GET /api/docs/%23/default/post_api_auth_register 429 42 - 0.231 ms
GET /api/docs/%23/default/post_api_auth_register 429 42 - 0.208 ms
GET /api/docs/%23/default/post_api_auth_register 429 42 - 0.183 ms
GET /api/docs/%23/default/post_api_auth_register 429 42 - 0.194 ms
GET /api/docs/%23/default/post_api_auth_register 429 42 - 0.188 ms
GET /api/docs/%23/default/post_api_auth_register 429 42 - 0.214 ms
GET /api/docs/%23/default/post_api_auth_register 429 42 - 0.171 ms
GET /api/docs/%23/default/post_api_auth_register 429 42 - 0.197 ms
GET /api/docs/%23/default/post_api_auth_register 429 42 - 0.168 ms
GET /api/docs/%23/default/post_api_auth_register 429 42 - 0.249 ms
GET /api/docs/%23/default/post_api_auth_register 429 42 - 0.178 ms
GET /api/docs/%23/default/post_api_auth_register 429 42 - 0.175 ms
GET /api/docs/%23/default/post_api_auth_register 429 42 - 0.187 ms
GET /api/docs/%23/default/post_api_auth_register 429 42 - 0.175 ms
GET /api/docs/%23/default/post_api_auth_register 429 42 - 0.181 ms
GET /api/docs/%23/default/post_api_auth_register 429 42 - 0.157 ms
GET /api/docs/%23/default/post_api_auth_register 429 42 - 0.230 ms
GET /api/docs/%23/default/post_api_auth_register 429 42 - 0.203 ms
GET /api/docs/%23/default/post_api_auth_register 429 42 - 0.218 ms
GET /api/docs/%23/default/post_api_auth_register 429 42 - 0.209 ms
GET /api/docs/%23/default/post_api_auth_register 429 42 - 0.214 ms
GET /api/docs/ 200 3106 - 30.289 ms
GET /api/docs/swagger-ui-init.js 200 6071 - 1.149 ms
GET /api/docs/swagger-ui.css 200 154986 - 18.055 ms
GET /api/docs/swagger-ui-standalone-preset.js 200 229223 - 17.166 ms
GET /api/docs/swagger-ui-bundle.js 200 1484234 - 17.264 ms
POST /api/auth/login 401 33 - 217.425 ms
POST /api/auth/login 401 33 - 122.316 ms
POST /api/auth/register 500 108 - 198.266 ms
POST /api/auth/register 201 26 - 211.200 ms
POST /api/auth/register 500 111 - 157.931 ms
POST /api/auth/forgotpassword 200 37 - 3989.614 ms
POST /api/auth/resetPassword?email=U2FsdGVkX19e1sFK4OTdsgEtU28hbpwNeJI9MTnn2xJj0MOTbfygXTRQTDvm1Wjc 404 28 - 79.666 ms
POST /api/auth/forgotpassword 200 37 - 3139.864 ms
POST /api/auth/resetPassword?email=U2FsdGVkX1%2BoBMxmj8z6zgDVXGQldP9ectgp%2BB9OItP%2FeNPxmTTUA84UP25QrnDy 404 28 - 36.534 ms
POST /api/auth/register 500 111 - 118.018 ms
POST /api/auth/register 500 108 - 105.991 ms
POST /api/auth/register 500 122 - 105.671 ms
POST /api/auth/forgotpassword 200 37 - 3401.417 ms
POST /api/auth/resetPassword?email=U2FsdGVkX1%2F5rm%2BKjhfXPK4PjZioo9lk2px2hsBny6tnu5PQblLpwY07epieBqnK 500 43 - 449.398 ms
POST /api/auth/resetPassword?email=U2FsdGVkX1%2F5rm%2BKjhfXPK4PjZioo9lk2px2hsBny6tnu5PQblLpwY07epieBqnK 200 41 - 257.483 ms
POST /api/auth/resetPassword?email=U2FsdGVkX1%2F5rm%2BKjhfXPK4PjZioo9lk2px2hsBny6tnu5PQblLpwY07epieBqnK 500 63 - 2.044 ms
POST /api/auth/register 500 483 - 242.357 ms
POST /api/auth/register 201 29 - 259.639 ms
POST /api/auth/register 500 496 - 86.464 ms
POST /api/auth/register 201 29 - 235.392 ms
POST /api/auth/register 400 26 - 55.653 ms
POST /api/auth/register 400 26 - 79.203 ms
POST /api/auth/register 400 26 - 65.883 ms
GET /favicon.ico 404 150 - 4.146 ms
POST /api/auth/login 500 48 - 364.016 ms
POST /api/auth/login 500 48 - 40.039 ms
POST /api/auth/login 500 48 - 35.858 ms
POST /api/auth/login 500 48 - 169.645 ms
POST /api/auth/login 500 48 - 78.532 ms
POST /api/auth/login 500 48 - 50.292 ms
POST /api/auth/login 500 48 - 37.246 ms
POST /api/auth/login 500 48 - 23.543 ms
POST /api/auth/login 500 48 - 38.417 ms
POST /api/auth/login 500 48 - 34.775 ms
POST /api/auth/login 500 48 - 101.039 ms
POST /api/auth/login 500 48 - 27.615 ms
POST /api/auth/login 500 48 - 28.006 ms
POST /api/auth/login 500 48 - 45.785 ms
POST /api/auth/login 500 48 - 96.803 ms
POST /api/auth/login 500 48 - 26.761 ms
POST /api/auth/login 500 48 - 31.459 ms
POST /api/auth/login 500 48 - 29.136 ms
POST /api/auth/login 500 48 - 38.503 ms
POST /api/auth/login 500 48 - 30.127 ms
POST /api/auth/login 500 48 - 32.319 ms
POST /api/auth/login 500 48 - 38.187 ms
POST /api/auth/login 500 48 - 26.177 ms
POST /api/auth/login 500 48 - 34.447 ms
POST /api/auth/login 500 48 - 74.622 ms
POST /api/auth/login 500 48 - 30.855 ms
POST /api/auth/login 500 48 - 144.777 ms
POST /api/auth/login 500 48 - 33.053 ms
POST /api/auth/login 500 48 - 24.247 ms
POST /api/auth/login 500 48 - 43.019 ms
POST /api/auth/login 500 48 - 34.914 ms
POST /api/auth/login 500 48 - 196.278 ms
POST /api/auth/login 500 48 - 158.620 ms
POST /api/auth/login 500 48 - 77.123 ms
POST /api/auth/login 500 48 - 29.505 ms
POST /api/auth/login 500 48 - 45.607 ms
POST /api/auth/login 500 48 - 31.176 ms
POST /api/auth/login 500 48 - 97.004 ms
POST /api/auth/login 500 48 - 44.429 ms
POST /api/auth/login 500 48 - 31.382 ms
POST /api/auth/login 500 48 - 37.827 ms
POST /api/auth/login 500 48 - 77.849 ms
POST /api/auth/login 500 48 - 30.358 ms
POST /api/auth/login 500 48 - 39.011 ms
POST /api/auth/login 500 48 - 25.192 ms
POST /api/auth/login 500 48 - 38.850 ms
POST /api/auth/login 500 48 - 41.290 ms
POST /api/auth/login 500 48 - 36.002 ms
POST /api/auth/login 500 48 - 29.434 ms
POST /api/auth/login 500 48 - 41.912 ms
POST /api/auth/login 500 48 - 40.429 ms
POST /api/auth/login 500 48 - 37.384 ms
POST /api/auth/login 500 48 - 29.904 ms
POST /api/auth/login 500 48 - 65.950 ms
POST /api/auth/login 500 48 - 262.414 ms
POST /api/auth/login 500 48 - 360.024 ms
POST /api/auth/login 500 48 - 344.893 ms
POST /api/auth/login 500 48 - 305.680 ms
POST /api/auth/login 500 48 - 30.956 ms
POST /api/auth/login 500 48 - 239.599 ms
POST /api/auth/login 500 48 - 326.751 ms
POST /api/auth/login 500 48 - 33.667 ms
POST /api/auth/login 500 48 - 264.829 ms
POST /api/auth/login 500 48 - 310.067 ms
POST /api/auth/login 500 48 - 420.848 ms
POST /api/auth/login 500 48 - 1575.023 ms
POST /api/auth/login 500 48 - 34.812 ms
POST /api/auth/login 500 48 - 95.554 ms
POST /api/auth/login 500 48 - 354.094 ms
POST /api/auth/login 500 48 - 268.925 ms
POST /api/auth/login 500 48 - 147.502 ms
POST /api/auth/login 500 48 - 407.536 ms
POST /api/auth/register 400 29 - 106.104 ms
POST /api/auth/register 201 29 - 1573.991 ms
POST /api/auth/login 500 48 - 23.035 ms
POST /api/auth/login 200 30 - 443.853 ms
POST /api/auth/login 200 30 - 137.000 ms
POST /api/auth/login 200 30 - 147.730 ms
POST /api/auth/login 200 30 - 258.104 ms
POST /api/auth/login 200 30 - 354.363 ms
POST /api/auth/login 200 30 - 419.792 ms
POST /api/auth/login 200 30 - 273.185 ms
